<?xml version="1.0" encoding="UTF-8"?>
<!-- Generated by org.testng.reporters.JUnitXMLReporter -->
<testsuite ignored="3" hostname="LAPTOP-KFM2KDI1" failures="0" tests="1" name="Default test" time="14.769" errors="0" timestamp="2022-11-03T07:40:17 IST">
  <testcase classname="com.supermarket.tests.ManageExpenseTest" name="verify_deleteButton" time="3.844"/>
  <testcase classname="com.supermarket.tests.ManageExpenseTest" name="verify_editbutton" time="0.0">
    <ignored/>
  </testcase> <!-- verify_editbutton -->
  <testcase classname="com.supermarket.tests.ManageExpenseTest" name="verify_searchButton" time="0.0">
    <ignored/>
  </testcase> <!-- verify_searchButton -->
  <testcase classname="com.supermarket.tests.ManageExpenseTest" name="verify_newButton" time="0.0">
    <ignored/>
  </testcase> <!-- verify_newButton -->
</testsuite> <!-- Default test -->
