<?xml version="1.0" encoding="UTF-8"?>
<!-- Generated by org.testng.reporters.JUnitXMLReporter -->
<testsuite ignored="0" hostname="LAPTOP-KFM2KDI1" failures="0" tests="3" name="Default test" time="23.491" errors="0" timestamp="2022-11-10T13:32:44 IST">
  <testcase classname="com.supermarket.tests.ManageLocationTest" name="verify_EnterLocationInformations" time="4.795"/>
  <testcase classname="com.supermarket.tests.ManageLocationTest" name="verify_StatusChangeOption" time="2.886"/>
  <testcase classname="com.supermarket.tests.ManageLocationTest" name="verify_UpDateLocationInformations" time="3.932"/>
</testsuite> <!-- Default test -->
