<?xml version="1.0" encoding="UTF-8"?>
<testng-results ignored="8" total="9" passed="1" failed="0" skipped="0">
  <reporter-output>
  </reporter-output>
  <suite started-at="2022-11-07T08:53:38 IST" name="Default suite" finished-at="2022-11-07T08:53:55 IST" duration-ms="16520">
    <groups>
    </groups>
    <test started-at="2022-11-07T08:53:38 IST" name="Default test" finished-at="2022-11-07T08:53:55 IST" duration-ms="16520">
      <class name="com.supermarket.tests.ManageDeliveryBoyTest">
        <test-method is-config="true" signature="setUp()[pri:0, instance:com.supermarket.tests.ManageDeliveryBoyTest@6221a451]" started-at="2022-11-07T08:53:38 IST" name="setUp" finished-at="2022-11-07T08:53:46 IST" duration-ms="7675" status="PASS">
          <reporter-output>
          </reporter-output>
        </test-method> <!-- setUp -->
        <test-method signature="verify_new_deliveryBoy_creation()[pri:0, instance:com.supermarket.tests.ManageDeliveryBoyTest@6221a451]" started-at="2022-11-07T08:53:46 IST" name="verify_new_deliveryBoy_creation" finished-at="2022-11-07T08:53:55 IST" duration-ms="8760" status="PASS">
          <reporter-output>
          </reporter-output>
        </test-method> <!-- verify_new_deliveryBoy_creation -->
        <test-method is-config="true" signature="tearDown(org.testng.ITestResult)[pri:0, instance:com.supermarket.tests.ManageDeliveryBoyTest@6221a451]" started-at="2022-11-07T08:53:55 IST" name="tearDown" finished-at="2022-11-07T08:53:55 IST" duration-ms="0" status="PASS">
          <params>
            <param index="0">
              <value>
                <![CDATA[[TestResult name=verify_new_deliveryBoy_creation status=SUCCESS method=ManageDeliveryBoyTest.verify_new_deliveryBoy_creation()[pri:0, instance:com.supermarket.tests.ManageDeliveryBoyTest@6221a451] output={null}]]]>
              </value>
            </param>
          </params>
          <reporter-output>
          </reporter-output>
        </test-method> <!-- tearDown -->
      </class> <!-- com.supermarket.tests.ManageDeliveryBoyTest -->
    </test> <!-- Default test -->
  </suite> <!-- Default suite -->
</testng-results>
