<?xml version="1.0" encoding="UTF-8"?>
<testng-results ignored="0" total="1" passed="1" failed="0" skipped="0">
  <reporter-output>
  </reporter-output>
  <suite started-at="2022-11-03T14:06:05 IST" name="Default suite" finished-at="2022-11-03T14:06:15 IST" duration-ms="9773">
    <groups>
    </groups>
    <test started-at="2022-11-03T14:06:05 IST" name="Default test" finished-at="2022-11-03T14:06:15 IST" duration-ms="9773">
      <class name="com.supermarket.tests.ManageUserTest">
        <test-method is-config="true" signature="setUp()[pri:0, instance:com.supermarket.tests.ManageUserTest@121314f7]" started-at="2022-11-03T14:06:05 IST" name="setUp" finished-at="2022-11-03T14:06:12 IST" duration-ms="6420" status="PASS">
          <reporter-output>
          </reporter-output>
        </test-method> <!-- setUp -->
        <test-method signature="verify_user_deactivation()[pri:0, instance:com.supermarket.tests.ManageUserTest@121314f7]" started-at="2022-11-03T14:06:12 IST" name="verify_user_deactivation" finished-at="2022-11-03T14:06:15 IST" duration-ms="3307" status="PASS">
          <reporter-output>
          </reporter-output>
        </test-method> <!-- verify_user_deactivation -->
        <test-method is-config="true" signature="tearDown(org.testng.ITestResult)[pri:0, instance:com.supermarket.tests.ManageUserTest@121314f7]" started-at="2022-11-03T14:06:15 IST" name="tearDown" finished-at="2022-11-03T14:06:15 IST" duration-ms="2" status="PASS">
          <params>
            <param index="0">
              <value>
                <![CDATA[[TestResult name=verify_user_deactivation status=SUCCESS method=ManageUserTest.verify_user_deactivation()[pri:0, instance:com.supermarket.tests.ManageUserTest@121314f7] output={null}]]]>
              </value>
            </param>
          </params>
          <reporter-output>
          </reporter-output>
        </test-method> <!-- tearDown -->
      </class> <!-- com.supermarket.tests.ManageUserTest -->
    </test> <!-- Default test -->
  </suite> <!-- Default suite -->
</testng-results>
