<?xml version="1.0" encoding="UTF-8"?>
<!-- Generated by org.testng.reporters.JUnitXMLReporter -->
<testsuite ignored="0" hostname="LAPTOP-KFM2KDI1" failures="0" tests="4" name="Run Module3" time="54.886" errors="0" timestamp="2022-11-10T18:58:19 IST">
  <testcase classname="com.supermarket.tests.ManageUserTest" name="verify_user_deactivation" time="6.087"/>
  <testcase classname="com.supermarket.tests.MobileSliderTest" name="verify_AddingNewListOfMobileSlider" time="5.277"/>
  <testcase classname="com.supermarket.tests.MobileSliderTest" name="verify_StatusOptionForListOfMobileSlider" time="4.88"/>
  <testcase classname="com.supermarket.tests.PushNotificationTest" name="verify_PushNotification" time="6.087"/>
</testsuite> <!-- Run Module3 -->
