<?xml version="1.0" encoding="UTF-8"?>
<!-- Generated by org.testng.reporters.JUnitXMLReporter -->
<testsuite ignored="0" hostname="LAPTOP-KFM2KDI1" failures="0" tests="3" name="verify in edge" time="44.141" errors="0" timestamp="2022-10-31T08:46:43 IST">
  <testcase classname="com.supermarket.tests.LoginTest" name="verify_login" time="3.628"/>
  <testcase classname="com.supermarket.tests.LoginTest" name="verify_textcolor_admin" time="2.542"/>
  <testcase classname="com.supermarket.tests.PushNotificationTest" name="verify_PushNotification" time="5.679"/>
</testsuite> <!-- verify in edge -->
