<?xml version="1.0" encoding="UTF-8"?>
<!-- Generated by org.testng.reporters.JUnitXMLReporter -->
<testsuite ignored="3" hostname="LAPTOP-KFM2KDI1" failures="0" tests="6" name="build_verification" time="59.995" errors="0" timestamp="2022-11-01T08:01:43 IST">
  <testcase classname="com.supermarket.tests.LoginTest" name="verify_login" time="1.586"/>
  <testcase classname="com.supermarket.tests.LoginTest" name="verify_profile_image" time="1.035"/>
  <testcase classname="com.supermarket.tests.ManageDeliveryBoyTest" name="verify_is_alert_message_visible" time="5.753"/>
  <testcase classname="com.supermarket.tests.ManageDeliveryBoyTest" name="verify_search_byName" time="4.493"/>
  <testcase classname="com.supermarket.tests.ManageDeliveryBoyTest" name="verify_search_byPhonenumber" time="5.275"/>
  <testcase classname="com.supermarket.tests.PushNotificationTest" name="verify_PushNotification" time="3.319"/>
  <testcase classname="com.supermarket.tests.ManageDeliveryBoyTest" name="verify_create_delivery_boy" time="0.0">
    <ignored/>
  </testcase> <!-- verify_create_delivery_boy -->
  <testcase classname="com.supermarket.tests.ManageDeliveryBoyTest" name="verify_search_byEmail" time="0.0">
    <ignored/>
  </testcase> <!-- verify_search_byEmail -->
  <testcase classname="com.supermarket.tests.LoginTest" name="verify_textcolor_admin" time="0.0">
    <ignored/>
  </testcase> <!-- verify_textcolor_admin -->
</testsuite> <!-- build_verification -->
